<?xml version="1.0" encoding="UTF-8"?>
<testng-results ignored="0" total="1" passed="1" failed="0" skipped="0">
  <reporter-output>
  </reporter-output>
  <suite started-at="2024-08-01T16:19:51 CEST" name="Surefire suite" finished-at="2024-08-01T16:19:51 CEST" duration-ms="30">
    <groups>
    </groups>
    <test started-at="2024-08-01T16:19:51 CEST" name="Surefire test" finished-at="2024-08-01T16:19:51 CEST" duration-ms="30">
      <class name="com.example.BookTest">
        <test-method signature="testBook()[pri:0, instance:com.example.BookTest@15b3e5b]" started-at="2024-08-01T16:19:51 CEST" name="testBook" finished-at="2024-08-01T16:19:51 CEST" duration-ms="5" status="PASS">
          <reporter-output>
          </reporter-output>
        </test-method> <!-- testBook -->
      </class> <!-- com.example.BookTest -->
    </test> <!-- Surefire test -->
  </suite> <!-- Surefire suite -->
</testng-results>
